CRITICAL - 2023-04-26 17:22:03 --> CodeIgniter\Exceptions\CriticalError: Cache: RedisException occurred with message (Connection refused). in /var/www/html/system/Cache/Handlers/RedisHandler.php:94
Stack trace:
#0 /var/www/html/system/Cache/CacheFactory.php(74): CodeIgniter\Cache\Handlers\RedisHandler->initialize()
#1 /var/www/html/system/Config/Services.php(115): CodeIgniter\Cache\CacheFactory::getHandler(Object(Config\Cache))
#2 /var/www/html/system/Config/BaseService.php(252): CodeIgniter\Config\Services::cache(Object(Config\Cache), false)
#3 /var/www/html/system/Config/BaseService.php(193): CodeIgniter\Config\BaseService::__callStatic('cache', Array)
#4 /var/www/html/system/Config/Services.php(110): CodeIgniter\Config\BaseService::getSharedInstance('cache', NULL)
#5 /var/www/html/system/Config/BaseService.php(252): CodeIgniter\Config\Services::cache()
#6 /var/www/html/system/Common.php(73): CodeIgniter\Config\BaseService::__callStatic('cache', Array)
#7 /var/www/html/system/CodeIgniter.php(696): cache()
#8 /var/www/html/system/CodeIgniter.php(355): CodeIgniter\CodeIgniter->displayCache(Object(Config\Cache))
#9 /var/www/html/public/index.php(67): CodeIgniter\CodeIgniter->run()
#10 {main} Resorting to using redis handler.
CRITICAL - 2023-04-26 17:22:03 --> CodeIgniter\Exceptions\CriticalError: Cache: RedisException occurred with message (Connection refused). in /var/www/html/system/Cache/Handlers/RedisHandler.php:94
Stack trace:
#0 /var/www/html/system/Cache/CacheFactory.php(74): CodeIgniter\Cache\Handlers\RedisHandler->initialize()
#1 /var/www/html/system/Cache/CacheFactory.php(79): CodeIgniter\Cache\CacheFactory::getHandler(Object(Config\Cache), 'redis', 'dummy')
#2 /var/www/html/system/Config/Services.php(115): CodeIgniter\Cache\CacheFactory::getHandler(Object(Config\Cache))
#3 /var/www/html/system/Config/BaseService.php(252): CodeIgniter\Config\Services::cache(Object(Config\Cache), false)
#4 /var/www/html/system/Config/BaseService.php(193): CodeIgniter\Config\BaseService::__callStatic('cache', Array)
#5 /var/www/html/system/Config/Services.php(110): CodeIgniter\Config\BaseService::getSharedInstance('cache', NULL)
#6 /var/www/html/system/Config/BaseService.php(252): CodeIgniter\Config\Services::cache()
#7 /var/www/html/system/Common.php(73): CodeIgniter\Config\BaseService::__callStatic('cache', Array)
#8 /var/www/html/system/CodeIgniter.php(696): cache()
#9 /var/www/html/system/CodeIgniter.php(355): CodeIgniter\CodeIgniter->displayCache(Object(Config\Cache))
#10 /var/www/html/public/index.php(67): CodeIgniter\CodeIgniter->run()
#11 {main} Resorting to using dummy handler.
CRITICAL - 2023-04-26 17:22:40 --> CodeIgniter\Exceptions\CriticalError: Cache: RedisException occurred with message (Connection refused). in /var/www/html/system/Cache/Handlers/RedisHandler.php:94
Stack trace:
#0 /var/www/html/system/Cache/CacheFactory.php(74): CodeIgniter\Cache\Handlers\RedisHandler->initialize()
#1 /var/www/html/system/Config/Services.php(115): CodeIgniter\Cache\CacheFactory::getHandler(Object(Config\Cache))
#2 /var/www/html/system/Config/BaseService.php(252): CodeIgniter\Config\Services::cache(Object(Config\Cache), false)
#3 /var/www/html/system/Config/BaseService.php(193): CodeIgniter\Config\BaseService::__callStatic('cache', Array)
#4 /var/www/html/system/Config/Services.php(110): CodeIgniter\Config\BaseService::getSharedInstance('cache', NULL)
#5 /var/www/html/system/Config/BaseService.php(252): CodeIgniter\Config\Services::cache()
#6 /var/www/html/system/Common.php(73): CodeIgniter\Config\BaseService::__callStatic('cache', Array)
#7 /var/www/html/system/CodeIgniter.php(696): cache()
#8 /var/www/html/system/CodeIgniter.php(355): CodeIgniter\CodeIgniter->displayCache(Object(Config\Cache))
#9 /var/www/html/public/index.php(67): CodeIgniter\CodeIgniter->run()
#10 {main} Resorting to using redis handler.
CRITICAL - 2023-04-26 17:22:40 --> CodeIgniter\Exceptions\CriticalError: Cache: RedisException occurred with message (Connection refused). in /var/www/html/system/Cache/Handlers/RedisHandler.php:94
Stack trace:
#0 /var/www/html/system/Cache/CacheFactory.php(74): CodeIgniter\Cache\Handlers\RedisHandler->initialize()
#1 /var/www/html/system/Cache/CacheFactory.php(79): CodeIgniter\Cache\CacheFactory::getHandler(Object(Config\Cache), 'redis', 'dummy')
#2 /var/www/html/system/Config/Services.php(115): CodeIgniter\Cache\CacheFactory::getHandler(Object(Config\Cache))
#3 /var/www/html/system/Config/BaseService.php(252): CodeIgniter\Config\Services::cache(Object(Config\Cache), false)
#4 /var/www/html/system/Config/BaseService.php(193): CodeIgniter\Config\BaseService::__callStatic('cache', Array)
#5 /var/www/html/system/Config/Services.php(110): CodeIgniter\Config\BaseService::getSharedInstance('cache', NULL)
#6 /var/www/html/system/Config/BaseService.php(252): CodeIgniter\Config\Services::cache()
#7 /var/www/html/system/Common.php(73): CodeIgniter\Config\BaseService::__callStatic('cache', Array)
#8 /var/www/html/system/CodeIgniter.php(696): cache()
#9 /var/www/html/system/CodeIgniter.php(355): CodeIgniter\CodeIgniter->displayCache(Object(Config\Cache))
#10 /var/www/html/public/index.php(67): CodeIgniter\CodeIgniter->run()
#11 {main} Resorting to using dummy handler.
CRITICAL - 2023-04-26 17:36:20 --> CodeIgniter\Exceptions\CriticalError: Cache: RedisException occurred with message (Connection refused). in /var/www/html/system/Cache/Handlers/RedisHandler.php:94
Stack trace:
#0 /var/www/html/system/Cache/CacheFactory.php(74): CodeIgniter\Cache\Handlers\RedisHandler->initialize()
#1 /var/www/html/system/Config/Services.php(115): CodeIgniter\Cache\CacheFactory::getHandler(Object(Config\Cache))
#2 /var/www/html/system/Config/BaseService.php(252): CodeIgniter\Config\Services::cache(Object(Config\Cache), false)
#3 /var/www/html/system/Config/BaseService.php(193): CodeIgniter\Config\BaseService::__callStatic('cache', Array)
#4 /var/www/html/system/Config/Services.php(110): CodeIgniter\Config\BaseService::getSharedInstance('cache', NULL)
#5 /var/www/html/system/Config/BaseService.php(252): CodeIgniter\Config\Services::cache()
#6 /var/www/html/system/Common.php(73): CodeIgniter\Config\BaseService::__callStatic('cache', Array)
#7 /var/www/html/system/CodeIgniter.php(696): cache()
#8 /var/www/html/system/CodeIgniter.php(355): CodeIgniter\CodeIgniter->displayCache(Object(Config\Cache))
#9 /var/www/html/public/index.php(67): CodeIgniter\CodeIgniter->run()
#10 {main} Resorting to using redis handler.
CRITICAL - 2023-04-26 17:36:20 --> CodeIgniter\Exceptions\CriticalError: Cache: RedisException occurred with message (Connection refused). in /var/www/html/system/Cache/Handlers/RedisHandler.php:94
Stack trace:
#0 /var/www/html/system/Cache/CacheFactory.php(74): CodeIgniter\Cache\Handlers\RedisHandler->initialize()
#1 /var/www/html/system/Cache/CacheFactory.php(79): CodeIgniter\Cache\CacheFactory::getHandler(Object(Config\Cache), 'redis', 'dummy')
#2 /var/www/html/system/Config/Services.php(115): CodeIgniter\Cache\CacheFactory::getHandler(Object(Config\Cache))
#3 /var/www/html/system/Config/BaseService.php(252): CodeIgniter\Config\Services::cache(Object(Config\Cache), false)
#4 /var/www/html/system/Config/BaseService.php(193): CodeIgniter\Config\BaseService::__callStatic('cache', Array)
#5 /var/www/html/system/Config/Services.php(110): CodeIgniter\Config\BaseService::getSharedInstance('cache', NULL)
#6 /var/www/html/system/Config/BaseService.php(252): CodeIgniter\Config\Services::cache()
#7 /var/www/html/system/Common.php(73): CodeIgniter\Config\BaseService::__callStatic('cache', Array)
#8 /var/www/html/system/CodeIgniter.php(696): cache()
#9 /var/www/html/system/CodeIgniter.php(355): CodeIgniter\CodeIgniter->displayCache(Object(Config\Cache))
#10 /var/www/html/public/index.php(67): CodeIgniter\CodeIgniter->run()
#11 {main} Resorting to using dummy handler.
CRITICAL - 2023-04-26 18:44:45 --> Undefined constant "Config\redis"
in SYSTEMPATH/CodeIgniter.php on line 354.
 1 FCPATH/index.php(67): CodeIgniter\CodeIgniter->run()
CRITICAL - 2023-04-26 18:44:50 --> Undefined constant "Config\redis"
in SYSTEMPATH/CodeIgniter.php on line 354.
 1 FCPATH/index.php(67): CodeIgniter\CodeIgniter->run()
CRITICAL - 2023-04-26 21:03:58 --> Class "App\Controllers\CI_Controller" not found
in APPPATH/Controllers/Home.php on line 5.
 1 SYSTEMPATH/Autoloader/Autoloader.php(312): include_once()
 2 SYSTEMPATH/Autoloader/Autoloader.php(289): CodeIgniter\Autoloader\Autoloader->includeFile('/var/www/html/app/Controllers/Home.php')
 3 SYSTEMPATH/Autoloader/Autoloader.php(267): CodeIgniter\Autoloader\Autoloader->loadInNamespace('App\\Controllers\\Home')
 4 [internal function]: CodeIgniter\Autoloader\Autoloader->loadClass('App\\Controllers\\Home')
 5 SYSTEMPATH/CodeIgniter.php(892): class_exists('\\App\\Controllers\\Home', true)
 6 SYSTEMPATH/CodeIgniter.php(486): CodeIgniter\CodeIgniter->startController()
 7 SYSTEMPATH/CodeIgniter.php(368): CodeIgniter\CodeIgniter->handleRequest(null, Object(Config\Cache), false)
 8 FCPATH/index.php(67): CodeIgniter\CodeIgniter->run()
CRITICAL - 2023-04-26 21:04:14 --> Class "App\Controllers\CI_Controller" not found
in APPPATH/Controllers/Home.php on line 5.
 1 SYSTEMPATH/Autoloader/Autoloader.php(312): include_once()
 2 SYSTEMPATH/Autoloader/Autoloader.php(289): CodeIgniter\Autoloader\Autoloader->includeFile('/var/www/html/app/Controllers/Home.php')
 3 SYSTEMPATH/Autoloader/Autoloader.php(267): CodeIgniter\Autoloader\Autoloader->loadInNamespace('App\\Controllers\\Home')
 4 [internal function]: CodeIgniter\Autoloader\Autoloader->loadClass('App\\Controllers\\Home')
 5 SYSTEMPATH/CodeIgniter.php(892): class_exists('\\App\\Controllers\\Home', true)
 6 SYSTEMPATH/CodeIgniter.php(486): CodeIgniter\CodeIgniter->startController()
 7 SYSTEMPATH/CodeIgniter.php(368): CodeIgniter\CodeIgniter->handleRequest(null, Object(Config\Cache), false)
 8 FCPATH/index.php(67): CodeIgniter\CodeIgniter->run()
CRITICAL - 2023-04-26 21:09:43 --> Class "App\Controllers\CI_Controller" not found
in APPPATH/Controllers/Home.php on line 5.
 1 SYSTEMPATH/Autoloader/Autoloader.php(312): include_once()
 2 SYSTEMPATH/Autoloader/Autoloader.php(289): CodeIgniter\Autoloader\Autoloader->includeFile('/var/www/html/app/Controllers/Home.php')
 3 SYSTEMPATH/Autoloader/Autoloader.php(267): CodeIgniter\Autoloader\Autoloader->loadInNamespace('App\\Controllers\\Home')
 4 [internal function]: CodeIgniter\Autoloader\Autoloader->loadClass('App\\Controllers\\Home')
 5 SYSTEMPATH/CodeIgniter.php(892): class_exists('\\App\\Controllers\\Home', true)
 6 SYSTEMPATH/CodeIgniter.php(486): CodeIgniter\CodeIgniter->startController()
 7 SYSTEMPATH/CodeIgniter.php(368): CodeIgniter\CodeIgniter->handleRequest(null, Object(Config\Cache), false)
 8 FCPATH/index.php(67): CodeIgniter\CodeIgniter->run()
CRITICAL - 2023-04-26 21:10:32 --> Cannot call constructor
in APPPATH/Controllers/Home.php on line 7.
 1 SYSTEMPATH/CodeIgniter.php(906): App\Controllers\Home->__construct()
 2 SYSTEMPATH/CodeIgniter.php(490): CodeIgniter\CodeIgniter->createController()
 3 SYSTEMPATH/CodeIgniter.php(368): CodeIgniter\CodeIgniter->handleRequest(null, Object(Config\Cache), false)
 4 FCPATH/index.php(67): CodeIgniter\CodeIgniter->run()
CRITICAL - 2023-04-26 21:10:48 --> Cannot call constructor
in APPPATH/Controllers/Home.php on line 7.
 1 SYSTEMPATH/CodeIgniter.php(906): App\Controllers\Home->__construct()
 2 SYSTEMPATH/CodeIgniter.php(490): CodeIgniter\CodeIgniter->createController()
 3 SYSTEMPATH/CodeIgniter.php(368): CodeIgniter\CodeIgniter->handleRequest(null, Object(Config\Cache), false)
 4 FCPATH/index.php(67): CodeIgniter\CodeIgniter->run()
