AH00112: Warning: DocumentRoot [/var/www/html/public] does not exist
[Tue Apr 25 17:41:25.269749 2023] [mpm_prefork:notice] [pid 1] AH00163: Apache/2.4.54 (Debian) PHP/7.4.33 configured -- resuming normal operations
[Tue Apr 25 17:41:25.270659 2023] [core:notice] [pid 1] AH00094: Command line: 'apache2 -D FOREGROUND'
[Tue Apr 25 17:45:52.039801 2023] [mpm_prefork:notice] [pid 1] AH00170: caught SIGWINCH, shutting down gracefully
[Tue Apr 25 17:46:55.924229 2023] [mpm_prefork:notice] [pid 1] AH00163: Apache/2.4.54 (Debian) PHP/7.4.33 configured -- resuming normal operations
[Tue Apr 25 17:46:55.925631 2023] [core:notice] [pid 1] AH00094: Command line: 'apache2 -D FOREGROUND'
[Tue Apr 25 17:47:31.731156 2023] [mpm_prefork:notice] [pid 1] AH00170: caught SIGWINCH, shutting down gracefully
[Tue Apr 25 17:49:32.580942 2023] [mpm_prefork:notice] [pid 1] AH00163: Apache/2.4.54 (Debian) PHP/7.4.33 configured -- resuming normal operations
[Tue Apr 25 17:49:32.581972 2023] [core:notice] [pid 1] AH00094: Command line: 'apache2 -D FOREGROUND'
[Tue Apr 25 17:59:08.302426 2023] [mpm_prefork:notice] [pid 1] AH00170: caught SIGWINCH, shutting down gracefully
[Tue Apr 25 18:10:26.942906 2023] [mpm_prefork:notice] [pid 1] AH00163: Apache/2.4.54 (Debian) PHP/7.4.33 configured -- resuming normal operations
[Tue Apr 25 18:10:26.944110 2023] [core:notice] [pid 1] AH00094: Command line: 'apache2 -D FOREGROUND'
[Tue Apr 25 18:25:04.370630 2023] [mpm_prefork:notice] [pid 1] AH00170: caught SIGWINCH, shutting down gracefully
[Tue Apr 25 18:55:10.616693 2023] [mpm_prefork:notice] [pid 1] AH00163: Apache/2.4.54 (Debian) PHP/7.4.33 configured -- resuming normal operations
[Tue Apr 25 18:55:10.618885 2023] [core:notice] [pid 1] AH00094: Command line: 'apache2 -D FOREGROUND'
[Tue Apr 25 18:57:05.079345 2023] [mpm_prefork:notice] [pid 1] AH00170: caught SIGWINCH, shutting down gracefully
[Tue Apr 25 18:57:12.328030 2023] [mpm_prefork:notice] [pid 1] AH00163: Apache/2.4.54 (Debian) PHP/7.4.33 configured -- resuming normal operations
[Tue Apr 25 18:57:12.328866 2023] [core:notice] [pid 1] AH00094: Command line: 'apache2 -D FOREGROUND'
[Tue Apr 25 19:03:18.160650 2023] [mpm_prefork:notice] [pid 1] AH00170: caught SIGWINCH, shutting down gracefully
[Wed Apr 26 17:12:18.902409 2023] [mpm_prefork:notice] [pid 1] AH00163: Apache/2.4.54 (Debian) PHP/7.4.33 configured -- resuming normal operations
[Wed Apr 26 17:12:18.906050 2023] [core:notice] [pid 1] AH00094: Command line: 'apache2 -D FOREGROUND'
[Wed Apr 26 17:25:58.841667 2023] [mpm_prefork:notice] [pid 1] AH00170: caught SIGWINCH, shutting down gracefully
[Wed Apr 26 17:32:59.896795 2023] [mpm_prefork:notice] [pid 1] AH00163: Apache/2.4.56 (Debian) PHP/8.1.18 configured -- resuming normal operations
[Wed Apr 26 17:32:59.897751 2023] [core:notice] [pid 1] AH00094: Command line: 'apache2 -D FOREGROUND'
[Wed Apr 26 17:36:41.263939 2023] [mpm_prefork:notice] [pid 1] AH00170: caught SIGWINCH, shutting down gracefully
[Wed Apr 26 17:40:10.455741 2023] [mpm_prefork:notice] [pid 1] AH00163: Apache/2.4.56 (Debian) PHP/8.1.18 configured -- resuming normal operations
[Wed Apr 26 17:40:10.456575 2023] [core:notice] [pid 1] AH00094: Command line: 'apache2 -D FOREGROUND'
[Wed Apr 26 17:41:34.995299 2023] [mpm_prefork:notice] [pid 1] AH00170: caught SIGWINCH, shutting down gracefully
[Wed Apr 26 17:44:21.082788 2023] [mpm_prefork:notice] [pid 1] AH00163: Apache/2.4.56 (Debian) PHP/8.1.18 configured -- resuming normal operations
[Wed Apr 26 17:44:21.083764 2023] [core:notice] [pid 1] AH00094: Command line: 'apache2 -D FOREGROUND'
[Wed Apr 26 17:57:09.943127 2023] [mpm_prefork:notice] [pid 1] AH00170: caught SIGWINCH, shutting down gracefully
[Wed Apr 26 18:00:03.280568 2023] [mpm_prefork:notice] [pid 1] AH00163: Apache/2.4.56 (Debian) PHP/8.1.18 configured -- resuming normal operations
[Wed Apr 26 18:00:03.281301 2023] [core:notice] [pid 1] AH00094: Command line: 'apache2 -D FOREGROUND'
[Wed Apr 26 18:04:04.740928 2023] [mpm_prefork:notice] [pid 1] AH00170: caught SIGWINCH, shutting down gracefully
[Wed Apr 26 18:05:48.902369 2023] [mpm_prefork:notice] [pid 1] AH00163: Apache/2.4.56 (Debian) PHP/8.1.18 configured -- resuming normal operations
[Wed Apr 26 18:05:48.903164 2023] [core:notice] [pid 1] AH00094: Command line: 'apache2 -D FOREGROUND'
[Wed Apr 26 19:07:59.555358 2023] [mpm_prefork:notice] [pid 1] AH00170: caught SIGWINCH, shutting down gracefully
[Wed Apr 26 19:14:37.993496 2023] [mpm_prefork:notice] [pid 1] AH00163: Apache/2.4.56 (Debian) PHP/8.1.18 configured -- resuming normal operations
[Wed Apr 26 19:14:37.994586 2023] [core:notice] [pid 1] AH00094: Command line: 'apache2 -D FOREGROUND'
[Wed Apr 26 19:42:59.210442 2023] [mpm_prefork:notice] [pid 1] AH00170: caught SIGWINCH, shutting down gracefully
[Wed Apr 26 19:47:21.623439 2023] [mpm_prefork:notice] [pid 1] AH00163: Apache/2.4.56 (Debian) PHP/8.1.18 configured -- resuming normal operations
[Wed Apr 26 19:47:21.624503 2023] [core:notice] [pid 1] AH00094: Command line: 'apache2 -D FOREGROUND'
[Thu Apr 27 17:43:29.742585 2023] [mpm_prefork:notice] [pid 1] AH00163: Apache/2.4.56 (Debian) PHP/8.1.18 configured -- resuming normal operations
[Thu Apr 27 17:43:29.743730 2023] [core:notice] [pid 1] AH00094: Command line: 'apache2 -D FOREGROUND'
[Thu Apr 27 17:43:48.251120 2023] [mpm_prefork:notice] [pid 1] AH00170: caught SIGWINCH, shutting down gracefully
[Thu Apr 27 17:43:59.477783 2023] [mpm_prefork:notice] [pid 1] AH00163: Apache/2.4.56 (Debian) PHP/8.1.18 configured -- resuming normal operations
[Thu Apr 27 17:43:59.478430 2023] [core:notice] [pid 1] AH00094: Command line: 'apache2 -D FOREGROUND'
[Thu Apr 27 17:45:13.376864 2023] [mpm_prefork:notice] [pid 1] AH00170: caught SIGWINCH, shutting down gracefully
[Thu Apr 27 17:45:15.316474 2023] [mpm_prefork:notice] [pid 1] AH00163: Apache/2.4.56 (Debian) PHP/8.1.18 configured -- resuming normal operations
[Thu Apr 27 17:45:15.317553 2023] [core:notice] [pid 1] AH00094: Command line: 'apache2 -D FOREGROUND'
[Thu Apr 27 18:38:42.580819 2023] [mpm_prefork:notice] [pid 1] AH00163: Apache/2.4.56 (Debian) PHP/8.1.18 configured -- resuming normal operations
[Thu Apr 27 18:38:42.580872 2023] [core:notice] [pid 1] AH00094: Command line: 'apache2 -D FOREGROUND'
[Fri Apr 28 20:02:27.962216 2023] [mpm_prefork:notice] [pid 1] AH00170: caught SIGWINCH, shutting down gracefully
[Fri Apr 28 20:05:25.073055 2023] [mpm_prefork:notice] [pid 1] AH00163: Apache/2.4.56 (Debian) PHP/8.1.18 configured -- resuming normal operations
[Fri Apr 28 20:05:25.073571 2023] [core:notice] [pid 1] AH00094: Command line: 'apache2 -D FOREGROUND'
[Tue May 02 23:25:27.330746 2023] [authz_core:error] [pid 81] [client 139.144.150.8:38944] AH01630: client denied by server configuration: /var/www/html/public/server-status
